<?xml version="1.0" encoding="UTF-8"?>
<testsuite xmlns:xsi="http://www.w3.org/2001/XMLSchema-instance" xsi:noNamespaceSchemaLocation="https://maven.apache.org/surefire/maven-surefire-plugin/xsd/surefire-test-report.xsd" name="ru.sfedu.photosearch.providers.DataProviderDatabaseNegativeTest" time="0.38" tests="29" errors="0" skipped="0" failures="0">
  <properties>
[...]
</properties>
  <testcase name="addCommentNegative" classname="ru.sfedu.photosearch.providers.DataProviderDatabaseNegativeTest" time="0.271"/>
  <testcase name="getEventNegative" classname="ru.sfedu.photosearch.providers.DataProviderDatabaseNegativeTest" time="0.004"/>
  <testcase name="searchPhotographersNegative" classname="ru.sfedu.photosearch.providers.DataProviderDatabaseNegativeTest" time="0.002"/>
  <testcase name="deleteProfileByIdNegative" classname="ru.sfedu.photosearch.providers.DataProviderDatabaseNegativeTest" time="0.004"/>
  <testcase name="getAllFeedbacksNegative" classname="ru.sfedu.photosearch.providers.DataProviderDatabaseNegativeTest" time="0.003"/>
  <testcase name="editPhotoByIdNegative" classname="ru.sfedu.photosearch.providers.DataProviderDatabaseNegativeTest" time="0.004"/>
  <testcase name="addFeedbackNegative" classname="ru.sfedu.photosearch.providers.DataProviderDatabaseNegativeTest" time="0.004"/>
  <testcase name="getPortfolioNegative" classname="ru.sfedu.photosearch.providers.DataProviderDatabaseNegativeTest" time="0.004"/>
  <testcase name="searchEventsNegative" classname="ru.sfedu.photosearch.providers.DataProviderDatabaseNegativeTest" time="0.004"/>
  <testcase name="getLastPhotographerIdNegative" classname="ru.sfedu.photosearch.providers.DataProviderDatabaseNegativeTest" time="0.004"/>
  <testcase name="getLastUserIdNegative" classname="ru.sfedu.photosearch.providers.DataProviderDatabaseNegativeTest" time="0.004"/>
  <testcase name="deleteEventByIdNegative" classname="ru.sfedu.photosearch.providers.DataProviderDatabaseNegativeTest" time="0.004"/>
  <testcase name="createNewEventNegative" classname="ru.sfedu.photosearch.providers.DataProviderDatabaseNegativeTest" time="0.003"/>
  <testcase name="getPhotoNegative" classname="ru.sfedu.photosearch.providers.DataProviderDatabaseNegativeTest" time="0.003"/>
  <testcase name="getAllPhotosNegative" classname="ru.sfedu.photosearch.providers.DataProviderDatabaseNegativeTest" time="0.004"/>
  <testcase name="editProfileByIdNegative" classname="ru.sfedu.photosearch.providers.DataProviderDatabaseNegativeTest" time="0.003"/>
  <testcase name="createNewProfileNegative" classname="ru.sfedu.photosearch.providers.DataProviderDatabaseNegativeTest" time="0.004"/>
  <testcase name="getLastEventIdNegative" classname="ru.sfedu.photosearch.providers.DataProviderDatabaseNegativeTest" time="0.004"/>
  <testcase name="getAllCommentsByIdNegative" classname="ru.sfedu.photosearch.providers.DataProviderDatabaseNegativeTest" time="0.004"/>
  <testcase name="getAllOffersNegative" classname="ru.sfedu.photosearch.providers.DataProviderDatabaseNegativeTest" time="0.005"/>
  <testcase name="getProfileNegative" classname="ru.sfedu.photosearch.providers.DataProviderDatabaseNegativeTest" time="0.005"/>
  <testcase name="getLastPhotoIdNegative" classname="ru.sfedu.photosearch.providers.DataProviderDatabaseNegativeTest" time="0.002"/>
  <testcase name="addPhotoNegative" classname="ru.sfedu.photosearch.providers.DataProviderDatabaseNegativeTest" time="0.003"/>
  <testcase name="deletePhotoByIdNegative" classname="ru.sfedu.photosearch.providers.DataProviderDatabaseNegativeTest" time="0.003"/>
  <testcase name="getAllEventsNegative" classname="ru.sfedu.photosearch.providers.DataProviderDatabaseNegativeTest" time="0.003"/>
  <testcase name="getAllUsersNegative" classname="ru.sfedu.photosearch.providers.DataProviderDatabaseNegativeTest" time="0.003"/>
  <testcase name="editEventByIdNegative" classname="ru.sfedu.photosearch.providers.DataProviderDatabaseNegativeTest" time="0.004"/>
  <testcase name="addOfferNegative" classname="ru.sfedu.photosearch.providers.DataProviderDatabaseNegativeTest" time="0.007"/>
  <testcase name="searchUsersNegative" classname="ru.sfedu.photosearch.providers.DataProviderDatabaseNegativeTest" time="0.004"/>
</testsuite>